2019-05-29 09:30:00.3125||INFO|Microsoft.AspNetCore.DataProtection.KeyManagement.XmlKeyManager|User profile is available. Using 'C:\Users\rlopezmachad\AppData\Local\ASP.NET\DataProtection-Keys' as key repository and Windows DPAPI to encrypt keys at rest. 
2019-05-29 09:30:02.6048|1|INFO|Microsoft.AspNetCore.Hosting.Internal.WebHost|Request starting HTTP/1.1 DEBUG http://localhost:58742/  0 
2019-05-29 09:30:02.7686|2|INFO|Microsoft.AspNetCore.Hosting.Internal.WebHost|Request finished in 159.1838ms 200  
2019-05-29 09:30:03.4709|1|INFO|Microsoft.AspNetCore.Hosting.Internal.WebHost|Request starting HTTP/1.1 GET http://localhost:44387/api/cities/0   
2019-05-29 09:30:04.2062|1|INFO|Microsoft.AspNetCore.Mvc.Internal.ControllerActionInvoker|Route matched with {action = "GetCities", controller = "Cities"}. Executing action CityInfo.API.Controller.CitiesController.GetCities (CityInfo.API) 
2019-05-29 09:30:04.3555|1|INFO|Microsoft.AspNetCore.Mvc.Internal.ControllerActionInvoker|Executing action method CityInfo.API.Controller.CitiesController.GetCities (CityInfo.API) with arguments (0) - Validation state: Valid 
2019-05-29 09:30:04.4835|2|INFO|Microsoft.AspNetCore.Mvc.Internal.ControllerActionInvoker|Executed action method CityInfo.API.Controller.CitiesController.GetCities (CityInfo.API), returned result Microsoft.AspNetCore.Mvc.OkObjectResult in 122.8168ms. 
2019-05-29 09:30:04.5045|1|INFO|Microsoft.AspNetCore.Mvc.Infrastructure.ObjectResultExecutor|Executing ObjectResult, writing value of type 'Microsoft.AspNetCore.Mvc.JsonResult'. 
2019-05-29 09:30:04.5519|2|INFO|Microsoft.AspNetCore.Mvc.Internal.ControllerActionInvoker|Executed action CityInfo.API.Controller.CitiesController.GetCities (CityInfo.API) in 339.8643ms 
2019-05-29 09:30:04.5519|2|INFO|Microsoft.AspNetCore.Hosting.Internal.WebHost|Request finished in 1089.838ms 200 application/json; charset=utf-8 
2019-05-29 10:23:34.6131||INFO|Microsoft.AspNetCore.DataProtection.KeyManagement.XmlKeyManager|User profile is available. Using 'C:\Users\rlopezmachad\AppData\Local\ASP.NET\DataProtection-Keys' as key repository and Windows DPAPI to encrypt keys at rest. 
2019-05-29 10:23:35.8598|1|INFO|Microsoft.AspNetCore.Hosting.Internal.WebHost|Request starting HTTP/1.1 DEBUG http://localhost:58742/  0 
2019-05-29 10:23:35.9429|2|INFO|Microsoft.AspNetCore.Hosting.Internal.WebHost|Request finished in 82.1067ms 200  
2019-05-29 10:25:12.4874||INFO|Microsoft.AspNetCore.DataProtection.KeyManagement.XmlKeyManager|User profile is available. Using 'C:\Users\rlopezmachad\AppData\Local\ASP.NET\DataProtection-Keys' as key repository and Windows DPAPI to encrypt keys at rest. 
2019-05-29 10:25:13.4589|1|INFO|Microsoft.AspNetCore.Hosting.Internal.WebHost|Request starting HTTP/1.1 DEBUG http://localhost:58742/  0 
2019-05-29 10:25:13.5268|2|INFO|Microsoft.AspNetCore.Hosting.Internal.WebHost|Request finished in 59.3086ms 200  
2019-05-29 10:26:17.6819|1|INFO|Microsoft.AspNetCore.Hosting.Internal.WebHost|Request starting HTTP/1.1 GET http://localhost:44387/api/DUmmy   
2019-05-29 10:26:18.2461|1|INFO|Microsoft.AspNetCore.Mvc.Internal.ControllerActionInvoker|Route matched with {action = "GetDummy", controller = "DUmmy"}. Executing action CityInfo.API.Controller.DUmmyController.GetDummy (CityInfo.API) 
2019-05-29 10:26:18.8523|1|INFO|Microsoft.AspNetCore.Mvc.Internal.ControllerActionInvoker|Executing action method CityInfo.API.Controller.DUmmyController.GetDummy (CityInfo.API) - Validation state: Valid 
2019-05-29 10:26:22.1490|2|INFO|Microsoft.AspNetCore.Mvc.Internal.ControllerActionInvoker|Executed action method CityInfo.API.Controller.DUmmyController.GetDummy (CityInfo.API), returned result Microsoft.AspNetCore.Mvc.OkResult in 3289.1693ms. 
2019-05-29 10:26:22.1827|1|INFO|Microsoft.AspNetCore.Mvc.StatusCodeResult|Executing HttpStatusCodeResult, setting HTTP status code 200 
2019-05-29 10:26:22.1930|2|INFO|Microsoft.AspNetCore.Mvc.Internal.ControllerActionInvoker|Executed action CityInfo.API.Controller.DUmmyController.GetDummy (CityInfo.API) in 3938.225ms 
2019-05-29 10:26:22.2033|2|INFO|Microsoft.AspNetCore.Hosting.Internal.WebHost|Request finished in 4521.4353ms 200  
2019-05-29 10:29:34.5095|1|INFO|Microsoft.AspNetCore.Hosting.Internal.WebHost|Request starting HTTP/1.1 GET http://localhost:44387/api/DUmmy   
2019-05-29 10:29:34.5276|1|INFO|Microsoft.AspNetCore.Mvc.Internal.ControllerActionInvoker|Route matched with {action = "GetDummy", controller = "DUmmy"}. Executing action CityInfo.API.Controller.DUmmyController.GetDummy (CityInfo.API) 
2019-05-29 10:29:34.5739|1|INFO|Microsoft.AspNetCore.Mvc.Internal.ControllerActionInvoker|Executing action method CityInfo.API.Controller.DUmmyController.GetDummy (CityInfo.API) - Validation state: Valid 
2019-05-29 10:29:40.2998|10403|INFO|Microsoft.EntityFrameworkCore.Infrastructure|Entity Framework Core 2.1.11-servicing-32099 initialized 'CityDbContext' using provider 'Microsoft.EntityFrameworkCore.SqlServer' with options: None 
2019-05-29 10:51:11.9795|2|INFO|Microsoft.AspNetCore.Mvc.Internal.ControllerActionInvoker|Executed action method CityInfo.API.Controller.DUmmyController.GetDummy (CityInfo.API), returned result Microsoft.AspNetCore.Mvc.OkResult in 1297331.8462ms. 
2019-05-29 10:51:11.9932|1|INFO|Microsoft.AspNetCore.Mvc.StatusCodeResult|Executing HttpStatusCodeResult, setting HTTP status code 200 
2019-05-29 10:51:12.0001|2|INFO|Microsoft.AspNetCore.Mvc.Internal.ControllerActionInvoker|Executed action CityInfo.API.Controller.DUmmyController.GetDummy (CityInfo.API) in 1297460.2965ms 
2019-05-29 10:51:12.0504|2|INFO|Microsoft.AspNetCore.Hosting.Internal.WebHost|Request finished in 1297541.1305ms 200  
2019-05-29 11:00:59.7442||INFO|Microsoft.AspNetCore.DataProtection.KeyManagement.XmlKeyManager|User profile is available. Using 'C:\Users\rlopezmachad\AppData\Local\ASP.NET\DataProtection-Keys' as key repository and Windows DPAPI to encrypt keys at rest. 
2019-05-29 11:01:01.3346|1|INFO|Microsoft.AspNetCore.Hosting.Internal.WebHost|Request starting HTTP/1.1 DEBUG http://localhost:58742/  0 
2019-05-29 11:01:01.4239|2|INFO|Microsoft.AspNetCore.Hosting.Internal.WebHost|Request finished in 87.3014ms 200  
2019-05-29 11:03:04.6103|1|INFO|Microsoft.AspNetCore.Hosting.Internal.WebHost|Request starting HTTP/1.1 GET http://localhost:44387/api/DUmmy   
2019-05-29 11:03:05.2099|1|INFO|Microsoft.AspNetCore.Mvc.Internal.ControllerActionInvoker|Route matched with {action = "GetDummy", controller = "DUmmy"}. Executing action CityInfo.API.Controller.DUmmyController.GetDummy (CityInfo.API) 
2019-05-29 11:03:06.5917|10403|INFO|Microsoft.EntityFrameworkCore.Infrastructure|Entity Framework Core 2.1.11-servicing-32099 initialized 'CityDbContext' using provider 'Microsoft.EntityFrameworkCore.SqlServer' with options: None 
2019-05-29 11:03:15.5040|20101|INFO|Microsoft.EntityFrameworkCore.Database.Command|Executed DbCommand (783ms) [Parameters=[], CommandType='Text', CommandTimeout='60']
CREATE DATABASE [CitiesExplorer]; 
2019-05-29 11:03:15.6877|20101|INFO|Microsoft.EntityFrameworkCore.Database.Command|Executed DbCommand (168ms) [Parameters=[], CommandType='Text', CommandTimeout='60']
IF SERVERPROPERTY('EngineEdition') <> 5
BEGIN
    ALTER DATABASE [CitiesExplorer] SET READ_COMMITTED_SNAPSHOT ON;
END; 
2019-05-29 11:03:16.4336|20101|INFO|Microsoft.EntityFrameworkCore.Database.Command|Executed DbCommand (346ms) [Parameters=[], CommandType='Text', CommandTimeout='30']
CREATE TABLE [City] (
    [Id] int NOT NULL IDENTITY,
    [Name] nvarchar(50) NOT NULL,
    [Description] nvarchar(500) NULL,
    CONSTRAINT [PK_City] PRIMARY KEY ([Id])
); 
2019-05-29 11:03:16.5129|20101|INFO|Microsoft.EntityFrameworkCore.Database.Command|Executed DbCommand (77ms) [Parameters=[], CommandType='Text', CommandTimeout='30']
CREATE TABLE [PointOfInterest] (
    [Id] int NOT NULL IDENTITY,
    [Name] nvarchar(50) NOT NULL,
    [Description] nvarchar(500) NULL,
    [CityId] int NOT NULL,
    CONSTRAINT [PK_PointOfInterest] PRIMARY KEY ([Id]),
    CONSTRAINT [FK_PointOfInterest_City_CityId] FOREIGN KEY ([CityId]) REFERENCES [City] ([Id]) ON DELETE CASCADE
); 
2019-05-29 11:03:16.5444|20101|INFO|Microsoft.EntityFrameworkCore.Database.Command|Executed DbCommand (29ms) [Parameters=[], CommandType='Text', CommandTimeout='30']
CREATE INDEX [IX_PointOfInterest_CityId] ON [PointOfInterest] ([CityId]); 
2019-05-29 11:03:16.6429|1|INFO|Microsoft.AspNetCore.Mvc.Internal.ControllerActionInvoker|Executing action method CityInfo.API.Controller.DUmmyController.GetDummy (CityInfo.API) - Validation state: Valid 
2019-05-29 11:04:10.7590|2|INFO|Microsoft.AspNetCore.Mvc.Internal.ControllerActionInvoker|Executed action method CityInfo.API.Controller.DUmmyController.GetDummy (CityInfo.API), returned result Microsoft.AspNetCore.Mvc.OkResult in 54106.6021ms. 
2019-05-29 11:04:10.7748|1|INFO|Microsoft.AspNetCore.Mvc.StatusCodeResult|Executing HttpStatusCodeResult, setting HTTP status code 200 
2019-05-29 11:04:10.7934|2|INFO|Microsoft.AspNetCore.Mvc.Internal.ControllerActionInvoker|Executed action CityInfo.API.Controller.DUmmyController.GetDummy (CityInfo.API) in 65577.8986ms 
2019-05-29 11:04:10.8161|2|INFO|Microsoft.AspNetCore.Hosting.Internal.WebHost|Request finished in 66205.8325ms 200  
